<?xml version="1.0" encoding="UTF-8"?>
<!-- Generated by org.testng.reporters.JUnitXMLReporter -->
<testsuite hostname="GDC-SushantM-LPT" name="Store-To-Home Application Test Cases" tests="7" failures="0" timestamp="1 Jul 2020 05:56:13 GMT" time="86.033" errors="0">
  <testcase name="@AfterTest tearDown" time="0.0" classname="com.store.qa.tests.AddressTest">
    <failure type="java.lang.NullPointerException">
      <![CDATA[java.lang.NullPointerException
	at com.store.qa.tests.MyAccountPageTest.tearDown(MyAccountPageTest.java:70)
... Removed 22 stack frames]]>
    </failure>
  </testcase> <!-- @AfterTest tearDown -->
  <testcase name="goToOrderHistory" time="4.817" classname="com.store.qa.tests.MyAccountPageTest"/>
  <testcase name="goToMyAddresses" time="2.74" classname="com.store.qa.tests.MyAccountPageTest"/>
  <testcase name="goToMyAddresses" time="1.203" classname="com.store.qa.tests.AddressTest"/>
  <testcase name="verifyMyAddressHeader" time="0.987" classname="com.store.qa.tests.AddressTest"/>
  <testcase name="addNewAddress" time="7.099" classname="com.store.qa.tests.AddressTest"/>
  <testcase name="addNewAddress" time="9.515" classname="com.store.qa.tests.AddressTest"/>
  <testcase name="addNewAddress" time="9.475" classname="com.store.qa.tests.AddressTest"/>
</testsuite> <!-- Store-To-Home Application Test Cases -->
